<?xml version="1.0" encoding="UTF-8"?>
<testng-results ignored="0" total="1" passed="1" failed="0" skipped="0">
  <reporter-output>
  </reporter-output>
  <suite started-at="2024-08-10T13:36:48 IST" name="Default suite" finished-at="2024-08-10T13:36:56 IST" duration-ms="7539">
    <groups>
      <group name="cucumber">
        <method signature="AbstractTestNGCucumberTests.runScenario(io.cucumber.testng.PickleWrapper,io.cucumber.testng.FeatureWrapper)[pri:0, instance:properties.TestNGTestRunner@3e08ff24]" name="runScenario" class="io.cucumber.testng.AbstractTestNGCucumberTests"/>
      </group> <!-- cucumber -->
    </groups>
    <test started-at="2024-08-10T13:36:48 IST" name="Default test" finished-at="2024-08-10T13:36:56 IST" duration-ms="7539">
      <class name="properties.TestNGTestRunner">
        <test-method is-config="true" signature="setUpClass(org.testng.ITestContext)[pri:0, instance:properties.TestNGTestRunner@3e08ff24]" started-at="2024-08-10T13:36:48 IST" name="setUpClass" finished-at="2024-08-10T13:36:49 IST" duration-ms="730" status="PASS">
          <params>
            <param index="0">
              <value>
                <![CDATA[org.testng.TestRunner@4b960b5b]]>
              </value>
            </param>
          </params>
          <reporter-output>
          </reporter-output>
        </test-method> <!-- setUpClass -->
        <test-method signature="runScenario(io.cucumber.testng.PickleWrapper,io.cucumber.testng.FeatureWrapper)[pri:0, instance:properties.TestNGTestRunner@3e08ff24]" started-at="2024-08-10T13:36:49 IST" name="runScenario" description="Runs Cucumber Scenarios" data-provider="scenarios" finished-at="2024-08-10T13:36:56 IST" duration-ms="6695" status="PASS">
          <params>
            <param index="0">
              <value>
                <![CDATA["Positive test on submitting the order."]]>
              </value>
            </param>
            <param index="1">
              <value>
                <![CDATA["Purchase the order from SwagLab website"]]>
              </value>
            </param>
          </params>
          <reporter-output>
          </reporter-output>
        </test-method> <!-- runScenario -->
        <test-method is-config="true" signature="tearDownClass()[pri:0, instance:properties.TestNGTestRunner@3e08ff24]" started-at="2024-08-10T13:36:56 IST" name="tearDownClass" finished-at="2024-08-10T13:36:56 IST" duration-ms="44" status="PASS">
          <reporter-output>
          </reporter-output>
        </test-method> <!-- tearDownClass -->
      </class> <!-- properties.TestNGTestRunner -->
    </test> <!-- Default test -->
  </suite> <!-- Default suite -->
</testng-results>
